<?xml version="1.0" encoding="UTF-8"?>
<testsuites name="bun test" tests="2496" assertions="6741" failures="1" skipped="21" time="123.297991367">
  <testsuite name="test/keybind.test.ts" file="test/keybind.test.ts" tests="47" assertions="47" failures="0" skipped="0" time="0" hostname="ofcpc1">
    <testsuite name="Keybind.toString" file="test/keybind.test.ts" line="4" tests="16" assertions="16" failures="0" skipped="0" time="0" hostname="ofcpc1">
      <testcase name="should convert simple key to string" classname="Keybind.toString" time="0" file="test/keybind.test.ts" line="5" assertions="1" />
      <testcase name="should convert ctrl modifier to string" classname="Keybind.toString" time="0" file="test/keybind.test.ts" line="10" assertions="1" />
      <testcase name="should convert leader key to string" classname="Keybind.toString" time="0" file="test/keybind.test.ts" line="15" assertions="1" />
      <testcase name="should convert multiple modifiers to string" classname="Keybind.toString" time="0" file="test/keybind.test.ts" line="20" assertions="1" />
      <testcase name="should convert all modifiers to string" classname="Keybind.toString" time="0" file="test/keybind.test.ts" line="25" assertions="1" />
      <testcase name="should convert shift modifier to string" classname="Keybind.toString" time="0" file="test/keybind.test.ts" line="30" assertions="1" />
      <testcase name="should convert function key to string" classname="Keybind.toString" time="0" file="test/keybind.test.ts" line="41" assertions="1" />
      <testcase name="should convert special key to string" classname="Keybind.toString" time="0" file="test/keybind.test.ts" line="46" assertions="1" />
      <testcase name="should handle empty name" classname="Keybind.toString" time="0" file="test/keybind.test.ts" line="57" assertions="1" />
      <testcase name="should handle only modifiers" classname="Keybind.toString" time="0" file="test/keybind.test.ts" line="62" assertions="1" />
      <testcase name="should handle only leader with no other parts" classname="Keybind.toString" time="0" file="test/keybind.test.ts" line="67" assertions="1" />
      <testcase name="should convert super modifier to string" classname="Keybind.toString" time="0" file="test/keybind.test.ts" line="72" assertions="1" />
      <testcase name="should convert super+shift modifier to string" classname="Keybind.toString" time="0" file="test/keybind.test.ts" line="77" assertions="1" />
      <testcase name="should handle super with ctrl modifier" classname="Keybind.toString" time="0" file="test/keybind.test.ts" line="82" assertions="1" />
      <testcase name="should handle super with all modifiers" classname="Keybind.toString" time="0" file="test/keybind.test.ts" line="87" assertions="1" />
      <testcase name="should handle undefined super field (omitted)" classname="Keybind.toString" time="0" file="test/keybind.test.ts" line="92" assertions="1" />
    </testsuite>
    <testsuite name="Keybind.match" file="test/keybind.test.ts" line="98" tests="13" assertions="13" failures="0" skipped="0" time="0.001" hostname="ofcpc1">
      <testcase name="should match identical keybinds" classname="Keybind.match" time="0.001" file="test/keybind.test.ts" line="99" assertions="1" />
      <testcase name="should not match different key names" classname="Keybind.match" time="0" file="test/keybind.test.ts" line="105" assertions="1" />
      <testcase name="should not match different modifiers" classname="Keybind.match" time="0" file="test/keybind.test.ts" line="111" assertions="1" />
      <testcase name="should match leader keybinds" classname="Keybind.match" time="0" file="test/keybind.test.ts" line="117" assertions="1" />
      <testcase name="should not match leader vs non-leader" classname="Keybind.match" time="0" file="test/keybind.test.ts" line="123" assertions="1" />
      <testcase name="should match complex keybinds" classname="Keybind.match" time="0" file="test/keybind.test.ts" line="129" assertions="1" />
      <testcase name="should not match with one modifier different" classname="Keybind.match" time="0" file="test/keybind.test.ts" line="135" assertions="1" />
      <testcase name="should match simple key without modifiers" classname="Keybind.match" time="0" file="test/keybind.test.ts" line="141" assertions="1" />
      <testcase name="should match super modifier keybinds" classname="Keybind.match" time="0" file="test/keybind.test.ts" line="147" assertions="1" />
      <testcase name="should not match super vs non-super" classname="Keybind.match" time="0" file="test/keybind.test.ts" line="153" assertions="1" />
      <testcase name="should match undefined super with false super" classname="Keybind.match" time="0" file="test/keybind.test.ts" line="159" assertions="1" />
      <testcase name="should match super+shift combination" classname="Keybind.match" time="0" file="test/keybind.test.ts" line="165" assertions="1" />
      <testcase name="should not match when only super differs" classname="Keybind.match" time="0" file="test/keybind.test.ts" line="171" assertions="1" />
    </testsuite>
    <testsuite name="Keybind.parse" file="test/keybind.test.ts" line="178" tests="18" assertions="18" failures="0" skipped="0" time="0.001" hostname="ofcpc1">
      <testcase name="should parse simple key" classname="Keybind.parse" time="0" file="test/keybind.test.ts" line="179" assertions="1" />
      <testcase name="should parse leader key syntax" classname="Keybind.parse" time="0" file="test/keybind.test.ts" line="192" assertions="1" />
      <testcase name="should parse ctrl modifier" classname="Keybind.parse" time="0" file="test/keybind.test.ts" line="205" assertions="1" />
      <testcase name="should parse multiple modifiers" classname="Keybind.parse" time="0" file="test/keybind.test.ts" line="218" assertions="1" />
      <testcase name="should parse shift modifier" classname="Keybind.parse" time="0" file="test/keybind.test.ts" line="231" assertions="1" />
      <testcase name="should parse meta/alt modifier" classname="Keybind.parse" time="0" file="test/keybind.test.ts" line="244" assertions="1" />
      <testcase name="should parse leader with modifier" classname="Keybind.parse" time="0" file="test/keybind.test.ts" line="257" assertions="1" />
      <testcase name="should parse multiple keybinds separated by comma" classname="Keybind.parse" time="0" file="test/keybind.test.ts" line="270" assertions="1" />
      <testcase name="should parse shift+return combination" classname="Keybind.parse" time="0" file="test/keybind.test.ts" line="290" assertions="1" />
      <testcase name="should parse ctrl+j combination" classname="Keybind.parse" time="0" file="test/keybind.test.ts" line="303" assertions="1" />
      <testcase name="should handle &apos;none&apos; value" classname="Keybind.parse" time="0" file="test/keybind.test.ts" line="316" assertions="1" />
      <testcase name="should handle special keys" classname="Keybind.parse" time="0.001" file="test/keybind.test.ts" line="321" assertions="1" />
      <testcase name="should handle function keys" classname="Keybind.parse" time="0" file="test/keybind.test.ts" line="334" assertions="1" />
      <testcase name="should handle complex multi-modifier combination" classname="Keybind.parse" time="0" file="test/keybind.test.ts" line="347" assertions="1" />
      <testcase name="should be case insensitive" classname="Keybind.parse" time="0" file="test/keybind.test.ts" line="360" assertions="1" />
      <testcase name="should parse super modifier" classname="Keybind.parse" time="0" file="test/keybind.test.ts" line="373" assertions="1" />
      <testcase name="should parse super with shift modifier" classname="Keybind.parse" time="0" file="test/keybind.test.ts" line="387" assertions="1" />
      <testcase name="should parse multiple keybinds with super" classname="Keybind.parse" time="0" file="test/keybind.test.ts" line="401" assertions="1" />
    </testsuite>
  </testsuite>
  <testsuite name="test/permission-task.test.ts" file="test/permission-task.test.ts" tests="21" assertions="45" failures="0" skipped="0" time="0" hostname="ofcpc1">
    <testsuite name="Permission.evaluate for permission.task" file="test/permission-task.test.ts" line="11" tests="9" assertions="16" failures="0" skipped="0" time="0.002" hostname="ofcpc1">
      <testcase name="returns ask when no match (default)" classname="Permission.evaluate for permission.task" time="0.001" file="test/permission-task.test.ts" line="19" assertions="1" />
      <testcase name="returns deny for explicit deny" classname="Permission.evaluate for permission.task" time="0.001" file="test/permission-task.test.ts" line="23" assertions="1" />
      <testcase name="returns allow for explicit allow" classname="Permission.evaluate for permission.task" time="0" file="test/permission-task.test.ts" line="28" assertions="1" />
      <testcase name="returns ask for explicit ask" classname="Permission.evaluate for permission.task" time="0" file="test/permission-task.test.ts" line="33" assertions="1" />
      <testcase name="matches wildcard patterns with deny" classname="Permission.evaluate for permission.task" time="0" file="test/permission-task.test.ts" line="38" assertions="3" />
      <testcase name="matches wildcard patterns with allow" classname="Permission.evaluate for permission.task" time="0" file="test/permission-task.test.ts" line="45" assertions="2" />
      <testcase name="matches wildcard patterns with ask" classname="Permission.evaluate for permission.task" time="0" file="test/permission-task.test.ts" line="51" assertions="2" />
      <testcase name="later rules take precedence (last match wins)" classname="Permission.evaluate for permission.task" time="0" file="test/permission-task.test.ts" line="58" assertions="2" />
      <testcase name="matches global wildcard" classname="Permission.evaluate for permission.task" time="0" file="test/permission-task.test.ts" line="67" assertions="3" />
    </testsuite>
    <testsuite name="Permission.disabled for task tool" file="test/permission-task.test.ts" line="74" tests="6" assertions="6" failures="0" skipped="0" time="0.001" hostname="ofcpc1">
      <testcase name="task tool is disabled when global deny pattern exists (even with specific allows)" classname="Permission.disabled for task tool" time="0" file="test/permission-task.test.ts" line="85" assertions="1" />
      <testcase name="task tool is disabled when global deny pattern exists (even with ask overrides)" classname="Permission.disabled for task tool" time="0" file="test/permission-task.test.ts" line="97" assertions="1" />
      <testcase name="task tool is disabled when global deny pattern exists" classname="Permission.disabled for task tool" time="0.001" file="test/permission-task.test.ts" line="107" assertions="1" />
      <testcase name="task tool is NOT disabled when only specific patterns are denied (no wildcard)" classname="Permission.disabled for task tool" time="0" file="test/permission-task.test.ts" line="113" assertions="1" />
      <testcase name="task tool is enabled when no task rules exist (default ask)" classname="Permission.disabled for task tool" time="0" file="test/permission-task.test.ts" line="125" assertions="1" />
      <testcase name="task tool is NOT disabled when last wildcard pattern is allow" classname="Permission.disabled for task tool" time="0" file="test/permission-task.test.ts" line="130" assertions="1" />
    </testsuite>
    <testsuite name="permission.task with real config files" file="test/permission-task.test.ts" line="145" tests="6" assertions="23" failures="0" skipped="0" time="0.353" hostname="ofcpc1">
      <testcase name="loads task permissions from opencode.json config" classname="permission.task with real config files" time="0.109003" file="test/permission-task.test.ts" line="146" assertions="3" />
      <testcase name="loads task permissions with wildcard patterns from config" classname="permission.task with real config files" time="0.067002" file="test/permission-task.test.ts" line="171" assertions="3" />
      <testcase name="evaluate respects task permission from config" classname="permission.task with real config files" time="0.041001" file="test/permission-task.test.ts" line="196" assertions="3" />
      <testcase name="mixed permission config with task and other tools" classname="permission.task with real config files" time="0.049001" file="test/permission-task.test.ts" line="221" assertions="7" />
      <testcase name="task tool disabled when global deny comes last in config" classname="permission.task with real config files" time="0.047001" file="test/permission-task.test.ts" line="260" assertions="4" />
      <testcase name="task tool NOT disabled when specific allow comes last in config" classname="permission.task with real config files" time="0.040001" file="test/permission-task.test.ts" line="292" assertions="3" />
    </testsuite>
  </testsuite>
  <testsuite name="test/npm.test.ts" file="test/npm.test.ts" tests="2" assertions="4" failures="0" skipped="0" time="0" hostname="ofcpc1">
    <testsuite name="Npm.sanitize" file="test/npm.test.ts" line="6" tests="2" assertions="4" failures="0" skipped="0" time="0" hostname="ofcpc1">
      <testcase name="keeps normal scoped package specs unchanged" classname="Npm.sanitize" time="0" file="test/npm.test.ts" line="7" assertions="3" />
      <testcase name="handles git https specs" classname="Npm.sanitize" time="0" file="test/npm.test.ts" line="13" assertions="1" />
    </testsuite>
  </testsuite>
  <testsuite name="test/acp/event-subscription.test.ts" file="test/acp/event-subscription.test.ts" tests="9" assertions="20" failures="0" skipped="0" time="0" hostname="ofcpc1">
    <testsuite name="acp.agent event subscription" file="test/acp/event-subscription.test.ts" line="264" tests="9" assertions="20" failures="0" skipped="0" time="0.327" hostname="ofcpc1">
      <testcase name="routes message.part.delta by the event sessionID (no cross-session pollution)" classname="acp.agent event subscription" time="0.030001" file="test/acp/event-subscription.test.ts" line="265" assertions="2" />
      <testcase name="keeps concurrent sessions isolated when message.part.delta events are interleaved" classname="acp.agent event subscription" time="0.034001" file="test/acp/event-subscription.test.ts" line="300" assertions="8" />
      <testcase name="does not create additional event subscriptions on repeated loadSession()" classname="acp.agent event subscription" time="0.012" file="test/acp/event-subscription.test.ts" line="352" assertions="1" />
      <testcase name="permission.asked events are handled and replied" classname="acp.agent event subscription" time="0.057002" file="test/acp/event-subscription.test.ts" line="374" assertions="1" />
      <testcase name="permission prompt on session A does not block message updates for session B" classname="acp.agent event subscription" time="0.064002" file="test/acp/event-subscription.test.ts" line="413" assertions="3" />
      <testcase name="streams running bash output snapshots and de-dupes identical snapshots" classname="acp.agent event subscription" time="0.033001" file="test/acp/event-subscription.test.ts" line="500" assertions="1" />
      <testcase name="emits synthetic pending before first running update for any tool" classname="acp.agent event subscription" time="0.033001" file="test/acp/event-subscription.test.ts" line="534" assertions="2" />
      <testcase name="does not emit duplicate synthetic pending after replayed running tool" classname="acp.agent event subscription" time="0.035001" file="test/acp/event-subscription.test.ts" line="579" assertions="1" />
      <testcase name="clears bash snapshot marker on pending state" classname="acp.agent event subscription" time="0.029001" file="test/acp/event-subscription.test.ts" line="638" assertions="1" />
    </testsuite>
  </testsuite>
  <testsuite name="test/acp/agent-interface.test.ts" file="test/acp/agent-interface.test.ts" tests="1" assertions="11" failures="0" skipped="0" time="0" hostname="ofcpc1">
    <testsuite name="acp.agent interface compliance" file="test/acp/agent-interface.test.ts" line="22" tests="1" assertions="11" failures="0" skipped="0" time="0" hostname="ofcpc1">
      <testcase name="Agent implements all SDK-checked methods" classname="acp.agent interface compliance" time="0" file="test/acp/agent-interface.test.ts" line="44" assertions="11" />
    </testsuite>
  </testsuite>
  <testsuite name="test/agent/agent.test.ts" file="test/agent/agent.test.ts" tests="43" assertions="131" failures="0" skipped="0" time="0.457" hostname="ofcpc1">
    <testcase name="returns default native agents when no config" classname="" time="0.009" file="test/agent/agent.test.ts" line="18" assertions="10" />
    <testcase name="code agent has correct default properties" classname="" time="0.005" file="test/agent/agent.test.ts" line="40" assertions="5" />
    <testcase name="ask agent has correct default properties" classname="" time="0.011" file="test/agent/agent.test.ts" line="57" assertions="16" />
    <testcase name="ask agent denies edit/write/bash even when user config adds a specific edit allow" classname="" time="0.005" file="test/agent/agent.test.ts" line="85" assertions="9" />
    <testcase name="plan agent asks before edits except .kilo/plans/* and .opencode/plans/*" classname="" time="0.008" file="test/agent/agent.test.ts" line="117" assertions="4" />
    <testcase name="explore agent denies edit and write" classname="" time="0.005" file="test/agent/agent.test.ts" line="137" assertions="5" />
    <testcase name="explore agent asks for external directories and allows Truncate.GLOB" classname="" time="0.004" file="test/agent/agent.test.ts" line="152" assertions="3" />
    <testcase name="general agent denies todo tools" classname="" time="0.008" file="test/agent/agent.test.ts" line="166" assertions="4" />
    <testcase name="compaction agent denies all permissions" classname="" time="0.004" file="test/agent/agent.test.ts" line="180" assertions="5" />
    <testcase name="custom agent from config creates new agent" classname="" time="0.011" file="test/agent/agent.test.ts" line="195" assertions="8" />
    <testcase name="custom agent config overrides native agent properties" classname="" time="0.006" file="test/agent/agent.test.ts" line="224" assertions="7" />
    <testcase name="agent disable removes agent from list" classname="" time="0.005" file="test/agent/agent.test.ts" line="256" assertions="2" />
    <testcase name="agent permission config merges with defaults" classname="" time="0.009" file="test/agent/agent.test.ts" line="276" assertions="3" />
    <testcase name="global permission config applies to all agents" classname="" time="0.004" file="test/agent/agent.test.ts" line="307" assertions="2" />
    <testcase name="agent steps/maxSteps config sets steps property" classname="" time="0.008" file="test/agent/agent.test.ts" line="327" assertions="2" />
    <testcase name="agent mode can be overridden" classname="" time="0.004" file="test/agent/agent.test.ts" line="349" assertions="1" />
    <testcase name="agent name can be overridden" classname="" time="0.005" file="test/agent/agent.test.ts" line="366" assertions="1" />
    <testcase name="agent prompt can be set from config" classname="" time="0.008" file="test/agent/agent.test.ts" line="385" assertions="1" />
    <testcase name="unknown agent properties are placed into options" classname="" time="0.005" file="test/agent/agent.test.ts" line="404" assertions="2" />
    <testcase name="agent options merge correctly" classname="" time="0.005" file="test/agent/agent.test.ts" line="427" assertions="2" />
    <testcase name="multiple custom agents can be defined" classname="" time="0.01" file="test/agent/agent.test.ts" line="454" assertions="4" />
    <testcase name="Agent.list keeps the default agent first and sorts the rest by name" classname="" time="0.020001" file="test/agent/agent.test.ts" line="482" assertions="2" />
    <testcase name="Agent.get returns undefined for non-existent agent" classname="" time="0.005" file="test/agent/agent.test.ts" line="508" assertions="1" />
    <testcase name="default permission includes doom_loop and external_directory as ask" classname="" time="0.052002" file="test/agent/agent.test.ts" line="519" assertions="2" />
    <testcase name="webfetch is allowed by default" classname="" time="0.011" file="test/agent/agent.test.ts" line="533" assertions="1" />
    <testcase name="legacy tools config converts to permissions" classname="" time="0.007" file="test/agent/agent.test.ts" line="546" assertions="2" />
    <testcase name="legacy tools config maps write/edit/patch/multiedit to edit permission" classname="" time="0.009" file="test/agent/agent.test.ts" line="573" assertions="1" />
    <testcase name="Truncate.GLOB is allowed even when user denies external_directory globally" classname="" time="0.006" file="test/agent/agent.test.ts" line="598" assertions="3" />
    <testcase name="Truncate.GLOB is allowed even when user denies external_directory per-agent" classname="" time="0.01" file="test/agent/agent.test.ts" line="620" assertions="3" />
    <testcase name="explicit Truncate.GLOB deny is respected" classname="" time="0.006" file="test/agent/agent.test.ts" line="648" assertions="2" />
    <testcase name="skill directories are allowed for external_directory" classname="" time="0.061002" file="test/agent/agent.test.ts" line="672" assertions="1" />
    <testcase name="defaultAgent returns build when no default_agent config" classname="" time="0.046001" file="test/agent/agent.test.ts" line="708" assertions="1" />
    <testcase name="defaultAgent respects default_agent config set to plan" classname="" time="0.012" file="test/agent/agent.test.ts" line="719" assertions="1" />
    <testcase name="defaultAgent respects default_agent config set to custom agent with mode all" classname="" time="0.006" file="test/agent/agent.test.ts" line="734" assertions="1" />
    <testcase name="defaultAgent throws when default_agent points to subagent" classname="" time="0.012" file="test/agent/agent.test.ts" line="754" assertions="1" />
    <testcase name="defaultAgent throws when default_agent points to hidden agent" classname="" time="0.01" file="test/agent/agent.test.ts" line="768" assertions="1" />
    <testcase name="defaultAgent throws when default_agent points to non-existent agent" classname="" time="0.007" file="test/agent/agent.test.ts" line="782" assertions="1" />
    <testcase name="defaultAgent returns plan when code is disabled and default_agent not set" classname="" time="0.005" file="test/agent/agent.test.ts" line="797" assertions="1" />
    <testcase name="defaultAgent throws when all primary agents are disabled" classname="" time="0.009" file="test/agent/agent.test.ts" line="818" assertions="1" />
    <testcase name="Agent.get(&apos;build&apos;) returns code agent for backward compatibility" classname="" time="0.005" file="test/agent/agent.test.ts" line="842" assertions="3" />
    <testcase name="agent.build config applies to code agent for backward compatibility" classname="" time="0.004" file="test/agent/agent.test.ts" line="856" assertions="3" />
    <testcase name="default_agent: &apos;build&apos; returns code agent for backward compatibility" classname="" time="0.009" file="test/agent/agent.test.ts" line="878" assertions="1" />
    <testcase name="agent.build disable removes code agent for backward compatibility" classname="" time="0.006" file="test/agent/agent.test.ts" line="893" assertions="2" />
  </testsuite>
  <testsuite name="test/cli/github-remote.test.ts" file="test/cli/github-remote.test.ts" tests="14" assertions="24" failures="0" skipped="0" time="0.004" hostname="ofcpc1">
    <testcase name="parses https URL with .git suffix" classname="" time="0.004" file="test/cli/github-remote.test.ts" line="4" assertions="1" />
    <testcase name="parses https URL without .git suffix" classname="" time="0" file="test/cli/github-remote.test.ts" line="8" assertions="1" />
    <testcase name="parses git@ URL with .git suffix" classname="" time="0" file="test/cli/github-remote.test.ts" line="12" assertions="1" />
    <testcase name="parses git@ URL without .git suffix" classname="" time="0" file="test/cli/github-remote.test.ts" line="16" assertions="1" />
    <testcase name="parses ssh:// URL with .git suffix" classname="" time="0" file="test/cli/github-remote.test.ts" line="20" assertions="1" />
    <testcase name="parses ssh:// URL without .git suffix" classname="" time="0" file="test/cli/github-remote.test.ts" line="24" assertions="1" />
    <testcase name="parses http URL" classname="" time="0" file="test/cli/github-remote.test.ts" line="28" assertions="1" />
    <testcase name="parses URL with hyphenated owner and repo names" classname="" time="0" file="test/cli/github-remote.test.ts" line="32" assertions="1" />
    <testcase name="parses URL with underscores in names" classname="" time="0" file="test/cli/github-remote.test.ts" line="36" assertions="1" />
    <testcase name="parses URL with numbers in names" classname="" time="0" file="test/cli/github-remote.test.ts" line="40" assertions="1" />
    <testcase name="parses repos with dots in the name" classname="" time="0" file="test/cli/github-remote.test.ts" line="44" assertions="4" />
    <testcase name="returns null for non-github URLs" classname="" time="0" file="test/cli/github-remote.test.ts" line="63" assertions="3" />
    <testcase name="returns null for invalid URLs" classname="" time="0" file="test/cli/github-remote.test.ts" line="69" assertions="5" />
    <testcase name="returns null for URLs with extra path segments" classname="" time="0" file="test/cli/github-remote.test.ts" line="77" assertions="2" />
  </testsuite>
  <testsuite name="test/cli/account.test.ts" file="test/cli/account.test.ts" tests="3" assertions="3" failures="0" skipped="0" time="0" hostname="ofcpc1">
    <testsuite name="console account display" file="test/cli/account.test.ts" line="6" tests="3" assertions="3" failures="0" skipped="0" time="0" hostname="ofcpc1">
      <testcase name="includes the account url in account labels" classname="console account display" time="0" file="test/cli/account.test.ts" line="7" assertions="1" />
      <testcase name="includes the active marker in account labels" classname="console account display" time="0" file="test/cli/account.test.ts" line="13" assertions="1" />
      <testcase name="includes the account url in org rows" classname="console account display" time="0" file="test/cli/account.test.ts" line="19" assertions="1" />
    </testsuite>
  </testsuite>
  <testsuite name="test/cli/github-action.test.ts" file="test/cli/github-action.test.ts" tests="17" assertions="22" failures="0" skipped="0" time="0" hostname="ofcpc1">
    <testsuite name="extractResponseText" file="test/cli/github-action.test.ts" line="83" tests="14" assertions="14" failures="0" skipped="0" time="0.001" hostname="ofcpc1">
      <testcase name="returns text from text part" classname="extractResponseText" time="0" file="test/cli/github-action.test.ts" line="84" assertions="1" />
      <testcase name="returns last text part when multiple exist" classname="extractResponseText" time="0.001" file="test/cli/github-action.test.ts" line="89" assertions="1" />
      <testcase name="returns text even when tool parts follow" classname="extractResponseText" time="0" file="test/cli/github-action.test.ts" line="94" assertions="1" />
      <testcase name="returns null for reasoning-only response (signals summary needed)" classname="extractResponseText" time="0" file="test/cli/github-action.test.ts" line="99" assertions="1" />
      <testcase name="returns null for tool-only response (signals summary needed)" classname="extractResponseText" time="0" file="test/cli/github-action.test.ts" line="104" assertions="1" />
      <testcase name="returns null for multiple completed tools" classname="extractResponseText" time="0" file="test/cli/github-action.test.ts" line="110" assertions="1" />
      <testcase name="returns null for running tool parts (signals summary needed)" classname="extractResponseText" time="0" file="test/cli/github-action.test.ts" line="119" assertions="1" />
      <testcase name="throws on empty array" classname="extractResponseText" time="0" file="test/cli/github-action.test.ts" line="124" assertions="1" />
      <testcase name="returns null for step-start only" classname="extractResponseText" time="0" file="test/cli/github-action.test.ts" line="128" assertions="1" />
      <testcase name="returns null for step-finish only" classname="extractResponseText" time="0" file="test/cli/github-action.test.ts" line="133" assertions="1" />
      <testcase name="returns null for step-start and step-finish" classname="extractResponseText" time="0" file="test/cli/github-action.test.ts" line="138" assertions="1" />
      <testcase name="returns text from multi-step response" classname="extractResponseText" time="0" file="test/cli/github-action.test.ts" line="143" assertions="1" />
      <testcase name="prefers text over reasoning when both present" classname="extractResponseText" time="0" file="test/cli/github-action.test.ts" line="153" assertions="1" />
      <testcase name="prefers text over tools when both present" classname="extractResponseText" time="0" file="test/cli/github-action.test.ts" line="158" assertions="1" />
    </testsuite>
    <testsuite name="formatPromptTooLargeError" file="test/cli/github-action.test.ts" line="164" tests="3" assertions="8" failures="0" skipped="0" time="0" hostname="ofcpc1">
      <testcase name="formats error without files" classname="formatPromptTooLargeError" time="0" file="test/cli/github-action.test.ts" line="165" assertions="1" />
      <testcase name="formats error with files (base64 content)" classname="formatPromptTooLargeError" time="0" file="test/cli/github-action.test.ts" line="170" assertions="4" />
      <testcase name="lists all files when multiple present" classname="formatPromptTooLargeError" time="0" file="test/cli/github-action.test.ts" line="185" assertions="3" />
    </testsuite>
  </testsuite>
  <testsuite name="test/cli/plugin-auth-picker.test.ts" file="test/cli/plugin-auth-picker.test.ts" tests="10" assertions="10" failures="0" skipped="0" time="0" hostname="ofcpc1">
    <testsuite name="resolvePluginProviders" file="test/cli/plugin-auth-picker.test.ts" line="18" tests="10" assertions="10" failures="0" skipped="0" time="0.001" hostname="ofcpc1">
      <testcase name="returns plugin providers not in models.dev" classname="resolvePluginProviders" time="0" file="test/cli/plugin-auth-picker.test.ts" line="19" assertions="1" />
      <testcase name="skips providers already in models.dev" classname="resolvePluginProviders" time="0.001" file="test/cli/plugin-auth-picker.test.ts" line="29" assertions="1" />
      <testcase name="deduplicates across plugins" classname="resolvePluginProviders" time="0" file="test/cli/plugin-auth-picker.test.ts" line="39" assertions="1" />
      <testcase name="respects disabled_providers" classname="resolvePluginProviders" time="0" file="test/cli/plugin-auth-picker.test.ts" line="49" assertions="1" />
      <testcase name="respects enabled_providers when provider is absent" classname="resolvePluginProviders" time="0" file="test/cli/plugin-auth-picker.test.ts" line="59" assertions="1" />
      <testcase name="includes provider when in enabled set" classname="resolvePluginProviders" time="0" file="test/cli/plugin-auth-picker.test.ts" line="70" assertions="1" />
      <testcase name="resolves name from providerNames" classname="resolvePluginProviders" time="0" file="test/cli/plugin-auth-picker.test.ts" line="81" assertions="1" />
      <testcase name="falls back to id when no name configured" classname="resolvePluginProviders" time="0" file="test/cli/plugin-auth-picker.test.ts" line="91" assertions="1" />
      <testcase name="skips hooks without auth" classname="resolvePluginProviders" time="0" file="test/cli/plugin-auth-picker.test.ts" line="101" assertions="1" />
      <testcase name="returns empty for no hooks" classname="resolvePluginProviders" time="0" file="test/cli/plugin-auth-picker.test.ts" line="111" assertions="1" />
    </testsuite>
  </testsuite>
  <testsuite name="test/cli/auto-mode.test.ts" file="test/cli/auto-mode.test.ts" tests="3" assertions="12" failures="0" skipped="0" time="0" hostname="ofcpc1">
    <testsuite name="Auto mode flag" file="test/cli/auto-mode.test.ts" line="4" tests="3" assertions="12" failures="0" skipped="0" time="0" hostname="ofcpc1">
      <testcase name="auto mode should create session with allow-all permissions except questions" classname="Auto mode flag" time="0" file="test/cli/auto-mode.test.ts" line="5" assertions="7" />
      <testcase name="non-auto mode should not set allow-all permissions" classname="Auto mode flag" time="0" file="test/cli/auto-mode.test.ts" line="36" assertions="1" />
      <testcase name="permission evaluation order matters (findLast behavior)" classname="Auto mode flag" time="0" file="test/cli/auto-mode.test.ts" line="43" assertions="4" />
    </testsuite>
  </testsuite>
  <testsuite name="test/cli/import.test.ts" file="test/cli/import.test.ts" tests="8" assertions="27" failures="0" skipped="0" time="0.002" hostname="ofcpc1">
    <testcase name="parses valid Kilo share URLs" classname="" time="0" file="test/cli/import.test.ts" line="12" assertions="3" />
    <testcase name="rejects invalid URLs" classname="" time="0" file="test/cli/import.test.ts" line="20" assertions="5" />
    <testcase name="only attaches share auth headers for same-origin URLs" classname="" time="0.001" file="test/cli/import.test.ts" line="28" assertions="4" />
    <testcase name="transforms share data to storage format" classname="" time="0" file="test/cli/import.test.ts" line="40" assertions="3" />
    <testcase name="returns null for invalid share data" classname="" time="0" file="test/cli/import.test.ts" line="55" assertions="3" />
    <testcase name="formats ingest bootstrap warning" classname="" time="0" file="test/cli/import.test.ts" line="61" assertions="3" />
    <testcase name="bootstrapImportedSessionIngest runs bootstrap and does not warn on success" classname="" time="0" file="test/cli/import.test.ts" line="67" assertions="2" />
    <testcase name="bootstrapImportedSessionIngest warns and continues on failure" classname="" time="0.001" file="test/cli/import.test.ts" line="82" assertions="4" />
  </testsuite>
  <testsuite name="test/cli/install-artifact.test.ts" file="test/cli/install-artifact.test.ts" tests="2" assertions="6" failures="0" skipped="0" time="0" hostname="ofcpc1">
    <testsuite name="npm install artifact behavior" file="test/cli/install-artifact.test.ts" line="11" tests="2" assertions="6" failures="0" skipped="0" time="0.261" hostname="ofcpc1">
      <testcase name="keeps the CLI wrapper contract" classname="npm install artifact behavior" time="0.001" file="test/cli/install-artifact.test.ts" line="12" assertions="4" />
      <testcase name="links npm bin commands to the wrapper during local install" classname="npm install artifact behavior" time="0.260008" file="test/cli/install-artifact.test.ts" line="20" assertions="2" />
    </testsuite>
  </testsuite>
  <testsuite name="test/cli/error.test.ts" file="test/cli/error.test.ts" tests="1" assertions="3" failures="0" skipped="0" time="0" hostname="ofcpc1">
    <testsuite name="cli.error" file="test/cli/error.test.ts" line="5" tests="1" assertions="3" failures="0" skipped="0" time="0.001" hostname="ofcpc1">
      <testcase name="formats account transport errors clearly" classname="cli.error" time="0.001" file="test/cli/error.test.ts" line="6" assertions="3" />
    </testsuite>
  </testsuite>
  <testsuite name="test/config/markdown.test.ts" file="test/config/markdown.test.ts" tests="37" assertions="55" failures="0" skipped="0" time="0" hostname="ofcpc1">
    <testsuite name="ConfigMarkdown: normal template" file="test/config/markdown.test.ts" line="4" tests="15" assertions="15" failures="0" skipped="0" time="0" hostname="ofcpc1">
      <testcase name="should extract exactly 12 file references" classname="ConfigMarkdown: normal template" time="0" file="test/config/markdown.test.ts" line="28" assertions="1" />
      <testcase name="should extract valid/path/to/a/file" classname="ConfigMarkdown: normal template" time="0" file="test/config/markdown.test.ts" line="32" assertions="1" />
      <testcase name="should extract another-valid/path/to/a/file" classname="ConfigMarkdown: normal template" time="0" file="test/config/markdown.test.ts" line="36" assertions="1" />
      <testcase name="should extract paths ignoring comma after" classname="ConfigMarkdown: normal template" time="0" file="test/config/markdown.test.ts" line="40" assertions="1" />
      <testcase name="should extract a path with a file extension and comma after" classname="ConfigMarkdown: normal template" time="0" file="test/config/markdown.test.ts" line="44" assertions="1" />
      <testcase name="should extract a path with multiple dots and comma after" classname="ConfigMarkdown: normal template" time="0" file="test/config/markdown.test.ts" line="48" assertions="1" />
      <testcase name="should extract hidden directory" classname="ConfigMarkdown: normal template" time="0" file="test/config/markdown.test.ts" line="52" assertions="1" />
      <testcase name="should extract hidden file" classname="ConfigMarkdown: normal template" time="0" file="test/config/markdown.test.ts" line="56" assertions="1" />
      <testcase name="should extract a file ignoring period at end of sentence" classname="ConfigMarkdown: normal template" time="0" file="test/config/markdown.test.ts" line="60" assertions="1" />
      <testcase name="should extract an absolute path with an extension" classname="ConfigMarkdown: normal template" time="0" file="test/config/markdown.test.ts" line="64" assertions="1" />
      <testcase name="should extract an absolute path without an extension" classname="ConfigMarkdown: normal template" time="0" file="test/config/markdown.test.ts" line="68" assertions="1" />
      <testcase name="should extract an absolute path in home directory" classname="ConfigMarkdown: normal template" time="0" file="test/config/markdown.test.ts" line="72" assertions="1" />
      <testcase name="should extract an absolute path under home directory" classname="ConfigMarkdown: normal template" time="0" file="test/config/markdown.test.ts" line="76" assertions="1" />
      <testcase name="should not match when preceded by backtick" classname="ConfigMarkdown: normal template" time="0" file="test/config/markdown.test.ts" line="80" assertions="1" />
      <testcase name="should not match email addresses" classname="ConfigMarkdown: normal template" time="0" file="test/config/markdown.test.ts" line="86" assertions="1" />
    </testsuite>
    <testsuite name="ConfigMarkdown: frontmatter parsing" file="test/config/markdown.test.ts" line="93" tests="18" assertions="23" failures="0" skipped="0" time="0" hostname="ofcpc1">
      <testcase name="should parse without throwing" classname="ConfigMarkdown: frontmatter parsing" time="0" file="test/config/markdown.test.ts" line="96" assertions="3" />
      <testcase name="should extract description field" classname="ConfigMarkdown: frontmatter parsing" time="0" file="test/config/markdown.test.ts" line="102" assertions="1" />
      <testcase name="should extract occupation field with colon in value" classname="ConfigMarkdown: frontmatter parsing" time="0" file="test/config/markdown.test.ts" line="106" assertions="1" />
      <testcase name="should extract title field with single quotes" classname="ConfigMarkdown: frontmatter parsing" time="0" file="test/config/markdown.test.ts" line="110" assertions="1" />
      <testcase name="should extract name field with embedded quotes" classname="ConfigMarkdown: frontmatter parsing" time="0" file="test/config/markdown.test.ts" line="114" assertions="1" />
      <testcase name="should extract family field with embedded single quotes" classname="ConfigMarkdown: frontmatter parsing" time="0" file="test/config/markdown.test.ts" line="118" assertions="1" />
      <testcase name="should extract multiline summary field" classname="ConfigMarkdown: frontmatter parsing" time="0" file="test/config/markdown.test.ts" line="122" assertions="1" />
      <testcase name="should not include commented fields in data" classname="ConfigMarkdown: frontmatter parsing" time="0" file="test/config/markdown.test.ts" line="126" assertions="1" />
      <testcase name="should extract URL with port" classname="ConfigMarkdown: frontmatter parsing" time="0" file="test/config/markdown.test.ts" line="130" assertions="1" />
      <testcase name="should extract time with colons" classname="ConfigMarkdown: frontmatter parsing" time="0" file="test/config/markdown.test.ts" line="134" assertions="1" />
      <testcase name="should extract value with multiple colons" classname="ConfigMarkdown: frontmatter parsing" time="0" file="test/config/markdown.test.ts" line="138" assertions="1" />
      <testcase name="should preserve already double-quoted values with colons" classname="ConfigMarkdown: frontmatter parsing" time="0" file="test/config/markdown.test.ts" line="142" assertions="1" />
      <testcase name="should preserve already single-quoted values with colons" classname="ConfigMarkdown: frontmatter parsing" time="0" file="test/config/markdown.test.ts" line="146" assertions="1" />
      <testcase name="should extract value with quotes and colons mixed" classname="ConfigMarkdown: frontmatter parsing" time="0" file="test/config/markdown.test.ts" line="150" assertions="1" />
      <testcase name="should handle empty values" classname="ConfigMarkdown: frontmatter parsing" time="0" file="test/config/markdown.test.ts" line="154" assertions="1" />
      <testcase name="should handle dollar sign replacement patterns literally" classname="ConfigMarkdown: frontmatter parsing" time="0" file="test/config/markdown.test.ts" line="158" assertions="1" />
      <testcase name="should not parse fake yaml from content" classname="ConfigMarkdown: frontmatter parsing" time="0" file="test/config/markdown.test.ts" line="162" assertions="2" />
      <testcase name="should extract content after frontmatter without modification" classname="ConfigMarkdown: frontmatter parsing" time="0" file="test/config/markdown.test.ts" line="167" assertions="3" />
    </testsuite>
    <testsuite name="ConfigMarkdown: frontmatter parsing w/ empty frontmatter" file="test/config/markdown.test.ts" line="174" tests="1" assertions="3" failures="0" skipped="0" time="0" hostname="ofcpc1">
      <testcase name="should parse without throwing" classname="ConfigMarkdown: frontmatter parsing w/ empty frontmatter" time="0" file="test/config/markdown.test.ts" line="177" assertions="3" />
    </testsuite>
    <testsuite name="ConfigMarkdown: frontmatter parsing w/ no frontmatter" file="test/config/markdown.test.ts" line="184" tests="1" assertions="3" failures="0" skipped="0" time="0" hostname="ofcpc1">
      <testcase name="should parse without throwing" classname="ConfigMarkdown: frontmatter parsing w/ no frontmatter" time="0" file="test/config/markdown.test.ts" line="187" assertions="3" />
    </testsuite>
    <testsuite name="ConfigMarkdown: frontmatter parsing w/ Markdown header" file="test/config/markdown.test.ts" line="194" tests="1" assertions="3" failures="0" skipped="0" time="0" hostname="ofcpc1">
      <testcase name="should parse and match" classname="ConfigMarkdown: frontmatter parsing w/ Markdown header" time="0" file="test/config/markdown.test.ts" line="197" assertions="3" />
    </testsuite>
    <testsuite name="ConfigMarkdown: frontmatter has weird model id" file="test/config/markdown.test.ts" line="214" tests="1" assertions="8" failures="0" skipped="0" time="0" hostname="ofcpc1">
      <testcase name="should parse and match" classname="ConfigMarkdown: frontmatter has weird model id" time="0" file="test/config/markdown.test.ts" line="217" assertions="8" />
    </testsuite>
  </testsuite>
  <testsuite name="test/config/agent-color.test.ts" file="test/config/agent-color.test.ts" tests="4" assertions="10" failures="0" skipped="0" time="0.009" hostname="ofcpc1">
    <testcase name="agent color parsed from project config" classname="" time="0.004" file="test/config/agent-color.test.ts" line="9" assertions="2" />
    <testcase name="Agent.get includes color from config" classname="" time="0.005" file="test/config/agent-color.test.ts" line="34" assertions="2" />
    <testcase name="Color.hexToAnsiBold converts valid hex to ANSI" classname="" time="0" file="test/config/agent-color.test.ts" line="60" assertions="1" />
    <testcase name="Color.hexToAnsiBold returns undefined for invalid hex" classname="" time="0" file="test/config/agent-color.test.ts" line="65" assertions="5" />
  </testsuite>
  <testsuite name="test/config/config.test.ts" file="test/config/config.test.ts" tests="77" assertions="135" failures="0" skipped="0" time="0.696" hostname="ofcpc1">
    <testcase name="loads config with defaults when no files exist" classname="" time="0.006" file="test/config/config.test.ts" line="84" assertions="1" />
    <testcase name="loads JSON config file" classname="" time="0.004" file="test/config/config.test.ts" line="95" assertions="2" />
    <testcase name="loads project config from Git Bash and MSYS2 paths on Windows" classname="" time="0" file="test/config/config.test.ts" line="115" assertions="0" />
    <testcase name="loads project config from Cygwin paths on Windows" classname="" time="0" file="test/config/config.test.ts" line="124" assertions="0" />
    <testcase name="ignores legacy tui keys in opencode config" classname="" time="0.004" file="test/config/config.test.ts" line="132" assertions="3" />
    <testcase name="loads JSONC config file" classname="" time="0.01" file="test/config/config.test.ts" line="154" assertions="2" />
    <testcase name="jsonc overrides json in the same directory" classname="" time="0.004" file="test/config/config.test.ts" line="178" assertions="2" />
    <testcase name="prefers .kilo directory config over legacy .kilocode" classname="" time="0.012" file="test/config/config.test.ts" line="206" assertions="1" />
    <testcase name="handles environment variable substitution" classname="" time="0.052002" file="test/config/config.test.ts" line="235" assertions="1" />
    <testcase name="preserves env variables when adding $schema to config" classname="" time="0.012" file="test/config/config.test.ts" line="264" assertions="4" />
    <testcase name="resolves env templates in account config with account token" classname="" time="0.007" file="test/config/config.test.ts" line="302" assertions="1" />
    <testcase name="handles file inclusion substitution" classname="" time="0.008" file="test/config/config.test.ts" line="364" assertions="1" />
    <testcase name="handles file inclusion with replacement tokens" classname="" time="0.004" file="test/config/config.test.ts" line="383" assertions="1" />
    <testcase name="validates config schema and reports warning on invalid fields" classname="" time="0.004" file="test/config/config.test.ts" line="402" assertions="2" />
    <testcase name="reports warning for invalid JSON" classname="" time="0.008" file="test/config/config.test.ts" line="423" assertions="2" />
    <testcase name="handles agent configuration" classname="" time="0.004" file="test/config/config.test.ts" line="441" assertions="1" />
    <testcase name="treats agent variant as model-scoped setting (not provider option)" classname="" time="0.004" file="test/config/config.test.ts" line="471" assertions="3" />
    <testcase name="handles command configuration" classname="" time="0.011" file="test/config/config.test.ts" line="502" assertions="1" />
    <testcase name="migrates autoshare to share field" classname="" time="0.005" file="test/config/config.test.ts" line="530" assertions="2" />
    <testcase name="migrates mode field to agent field" classname="" time="0.004" file="test/config/config.test.ts" line="552" assertions="1" />
    <testcase name="loads config from .kilo directory" classname="" time="0.012" file="test/config/config.test.ts" line="584" assertions="1" />
    <testcase name="loads agents from .kilo/agents (plural)" classname="" time="0.013" file="test/config/config.test.ts" line="616" assertions="2" />
    <testcase name="loads commands from .kilo/command (singular)" classname="" time="0.005" file="test/config/config.test.ts" line="667" assertions="2" />
    <testcase name="loads commands from .kilo/commands (plural)" classname="" time="0.01" file="test/config/config.test.ts" line="712" assertions="2" />
    <testcase name="prefers .kilo commands over legacy .kilocode commands" classname="" time="0.014" file="test/config/config.test.ts" line="757" assertions="1" />
    <testcase name="updates config and writes to file" classname="" time="0.006" file="test/config/config.test.ts" line="790" assertions="1" />
    <testcase name="gets config directories" classname="" time="0.044001" file="test/config/config.test.ts" line="804" assertions="1" />
    <testcase name="does not try to install dependencies in read-only KILO_CONFIG_DIR" classname="" time="0.012" file="test/config/config.test.ts" line="815" assertions="0" />
    <testcase name="installs dependencies in writable KILO_CONFIG_DIR" classname="" time="0.013" file="test/config/config.test.ts" line="848" assertions="3" />
    <testcase name="dedupes concurrent config dependency installs for the same dir" classname="" time="0.131004" file="test/config/config.test.ts" line="889" assertions="3" />
    <testcase name="serializes config dependency installs across dirs" classname="" time="0.001" file="test/config/config.test.ts" line="952" assertions="0" />
    <testcase name="resolves scoped npm plugins in config" classname="" time="0.005" file="test/config/config.test.ts" line="1012" assertions="1" />
    <testcase name="merges plugin arrays from global and local configs" classname="" time="0.01" file="test/config/config.test.ts" line="1056" assertions="4" />
    <testcase name="does not error when only custom agent is a subagent" classname="" time="0.006" file="test/config/config.test.ts" line="1102" assertions="1" />
    <testcase name="merges instructions arrays from global and local configs" classname="" time="0.014" file="test/config/config.test.ts" line="1134" assertions="4" />
    <testcase name="deduplicates duplicate instructions from global and local configs" classname="" time="0.012" file="test/config/config.test.ts" line="1173" assertions="5" />
    <testcase name="deduplicates duplicate plugins from global and local configs" classname="" time="0.006" file="test/config/config.test.ts" line="1215" assertions="5" />
    <testcase name="keeps plugin origins aligned with merged plugin list" classname="" time="0.016" file="test/config/config.test.ts" line="1267" assertions="6" />
    <testcase name="migrates legacy tools config to permissions - allow" classname="" time="0.011" file="test/config/config.test.ts" line="1314" assertions="1" />
    <testcase name="migrates legacy tools config to permissions - deny" classname="" time="0.004" file="test/config/config.test.ts" line="1345" assertions="1" />
    <testcase name="migrates legacy write tool to edit permission" classname="" time="0.003" file="test/config/config.test.ts" line="1376" assertions="1" />
    <testcase name="managed settings override user settings" classname="" time="0.008" file="test/config/config.test.ts" line="1408" assertions="3" />
    <testcase name="managed settings override project settings" classname="" time="0.004" file="test/config/config.test.ts" line="1437" assertions="2" />
    <testcase name="missing managed settings file is not an error" classname="" time="0.003" file="test/config/config.test.ts" line="1464" assertions="1" />
    <testcase name="migrates legacy edit tool to edit permission" classname="" time="0.008" file="test/config/config.test.ts" line="1483" assertions="1" />
    <testcase name="migrates legacy patch tool to edit permission" classname="" time="0.004" file="test/config/config.test.ts" line="1512" assertions="1" />
    <testcase name="migrates legacy multiedit tool to edit permission" classname="" time="0.004" file="test/config/config.test.ts" line="1541" assertions="1" />
    <testcase name="migrates mixed legacy tools config" classname="" time="0.009" file="test/config/config.test.ts" line="1570" assertions="1" />
    <testcase name="merges legacy tools with existing permission config" classname="" time="0.005" file="test/config/config.test.ts" line="1605" assertions="1" />
    <testcase name="permission config preserves key order" classname="" time="0.009" file="test/config/config.test.ts" line="1641" assertions="1" />
    <testcase name="project config can override MCP server enabled status" classname="" time="0.007" file="test/config/config.test.ts" line="1696" assertions="2" />
    <testcase name="MCP config deep merges preserving base config properties" classname="" time="0.004" file="test/config/config.test.ts" line="1756" assertions="1" />
    <testcase name="local .kilo config can override MCP from project config" classname="" time="0.011" file="test/config/config.test.ts" line="1810" assertions="1" />
    <testcase name="project config overrides remote well-known config" classname="" time="0.053002" file="test/config/config.test.ts" line="1854" assertions="2" />
    <testcase name="wellknown URL with trailing slash is normalized" classname="" time="0.054002" file="test/config/config.test.ts" line="1909" assertions="1" />
    <testsuite name="resolvePluginSpec" file="test/config/config.test.ts" line="1960" tests="5" assertions="5" failures="0" skipped="0" time="0.003" hostname="ofcpc1">
      <testcase name="keeps package specs unchanged" classname="resolvePluginSpec" time="0" file="test/config/config.test.ts" line="1961" assertions="2" />
      <testcase name="resolves windows-style relative plugin directory specs" classname="resolvePluginSpec" time="0" file="test/config/config.test.ts" line="1968" assertions="0" />
      <testcase name="resolves relative file plugin paths to file urls" classname="resolvePluginSpec" time="0.001" file="test/config/config.test.ts" line="1984" assertions="1" />
      <testcase name="resolves plugin directory paths to directory urls" classname="resolvePluginSpec" time="0.001" file="test/config/config.test.ts" line="1996" assertions="1" />
      <testcase name="resolves plugin directories without package.json to index.ts" classname="resolvePluginSpec" time="0.001" file="test/config/config.test.ts" line="2015" assertions="1" />
    </testsuite>
    <testsuite name="deduplicatePluginOrigins" file="test/config/config.test.ts" line="2030" tests="5" assertions="10" failures="0" skipped="0" time="0.007" hostname="ofcpc1">
      <testcase name="removes duplicates keeping higher priority (later entries)" classname="deduplicatePluginOrigins" time="0" file="test/config/config.test.ts" line="2040" assertions="5" />
      <testcase name="keeps path plugins separate from package plugins" classname="deduplicatePluginOrigins" time="0.001" file="test/config/config.test.ts" line="2052" assertions="1" />
      <testcase name="deduplicates direct path plugins by exact spec" classname="deduplicatePluginOrigins" time="0" file="test/config/config.test.ts" line="2060" assertions="1" />
      <testcase name="preserves order of remaining plugins" classname="deduplicatePluginOrigins" time="0" file="test/config/config.test.ts" line="2068" assertions="1" />
      <testcase name="loads auto-discovered local plugins as file urls" classname="deduplicatePluginOrigins" time="0.006" file="test/config/config.test.ts" line="2076" assertions="2" />
    </testsuite>
    <testsuite name="KILO_DISABLE_PROJECT_CONFIG" file="test/config/config.test.ts" line="2109" tests="5" assertions="7" failures="0" skipped="0" time="0.029" hostname="ofcpc1">
      <testcase name="skips project config files when flag is set" classname="KILO_DISABLE_PROJECT_CONFIG" time="0.009" file="test/config/config.test.ts" line="2110" assertions="2" />
      <testcase name="skips project .kilo/ directories when flag is set" classname="KILO_DISABLE_PROJECT_CONFIG" time="0.005" file="test/config/config.test.ts" line="2147" assertions="1" />
      <testcase name="still loads global config when flag is set" classname="KILO_DISABLE_PROJECT_CONFIG" time="0.003" file="test/config/config.test.ts" line="2179" assertions="2" />
      <testcase name="skips relative instructions with warning when flag is set but no config dir" classname="KILO_DISABLE_PROJECT_CONFIG" time="0.007" file="test/config/config.test.ts" line="2203" assertions="1" />
      <testcase name="KILO_CONFIG_DIR still works when flag is set" classname="KILO_DISABLE_PROJECT_CONFIG" time="0.005" file="test/config/config.test.ts" line="2253" assertions="1" />
    </testsuite>
    <testsuite name="KILO_CONFIG_CONTENT token substitution" file="test/config/config.test.ts" line="2310" tests="2" assertions="2" failures="0" skipped="0" time="0.012" hostname="ofcpc1">
      <testcase name="substitutes {env:} tokens in KILO_CONFIG_CONTENT" classname="KILO_CONFIG_CONTENT token substitution" time="0.004" file="test/config/config.test.ts" line="2311" assertions="1" />
      <testcase name="substitutes {file:} tokens in KILO_CONFIG_CONTENT" classname="KILO_CONFIG_CONTENT token substitution" time="0.008" file="test/config/config.test.ts" line="2343" assertions="1" />
    </testsuite>
    <testcase name="parseManagedPlist strips MDM metadata keys" classname="" time="0" file="test/config/config.test.ts" line="2375" assertions="5" />
    <testcase name="parseManagedPlist parses server settings" classname="" time="0.001" file="test/config/config.test.ts" line="2397" assertions="3" />
    <testcase name="parseManagedPlist parses permission rules" classname="" time="0" file="test/config/config.test.ts" line="2411" assertions="6" />
    <testcase name="parseManagedPlist parses enabled_providers" classname="" time="0.001" file="test/config/config.test.ts" line="2435" assertions="1" />
    <testcase name="parseManagedPlist handles empty config" classname="" time="0" file="test/config/config.test.ts" line="2446" assertions="1" />
  </testsuite>
  <testsuite name="test/config/tui.test.ts" file="test/config/tui.test.ts" tests="28" assertions="74" failures="0" skipped="3" time="0.088" hostname="ofcpc1">
    <testcase name="keeps server and tui plugin merge semantics aligned" classname="" time="0.023001" file="test/config/tui.test.ts" line="31" assertions="6" />
    <testcase name="loads tui config with the same precedence order as server config paths" classname="" time="0.002" file="test/config/tui.test.ts" line="102" assertions="2" />
    <testcase name="migrates tui-specific keys from kilo.json when tui.json does not exist" classname="" time="0.005" file="test/config/tui.test.ts" line="125" assertions="9" />
    <testcase name="migrates project legacy tui keys even when global tui.json already exists" classname="" time="0.002" file="test/config/tui.test.ts" line="165" assertions="5" />
    <testcase name="drops unknown legacy tui keys during migration" classname="" time="0.006" file="test/config/tui.test.ts" line="198" assertions="4" />
    <testcase name="skips migration when kilo.jsonc is syntactically invalid" classname="" time="0.002" file="test/config/tui.test.ts" line="230" assertions="6" />
    <testcase name="skips migration when tui.json already exists" classname="" time="0.002" file="test/config/tui.test.ts" line="259" assertions="4" />
    <testcase name="continues loading tui config when legacy source cannot be stripped" classname="" time="0.003" file="test/config/tui.test.ts" line="281" assertions="3" />
    <testcase name="migration backup preserves JSONC comments" classname="" time="0.002" file="test/config/tui.test.ts" line="308" assertions="4" />
    <testcase name="migrates legacy tui keys across multiple kilo.json levels" classname="" time="0.005" file="test/config/tui.test.ts" line="339" assertions="3" />
    <testcase name="flattens nested tui key inside tui.json" classname="" time="0.002" file="test/config/tui.test.ts" line="361" assertions="3" />
    <testcase name="top-level keys in tui.json take precedence over nested tui key" classname="" time="0.002" file="test/config/tui.test.ts" line="386" assertions="2" />
    <testcase name="project config takes precedence over KILO_TUI_CONFIG (matches KILO_CONFIG)" classname="" time="0.002" file="test/config/tui.test.ts" line="409" assertions="2" />
    <testcase name="merges keybind overrides across precedence layers" classname="" time="0.001" file="test/config/tui.test.ts" line="431" assertions="2" />
    <testcase name="defaults Ctrl+Z to input undo on Windows" classname="" time="0" file="test/config/tui.test.ts" line="449" assertions="0">
      <skipped />
    </testcase>
    <testcase name="keeps explicit input undo overrides on Windows" classname="" time="0" file="test/config/tui.test.ts" line="462" assertions="0">
      <skipped />
    </testcase>
    <testcase name="ignores terminal suspend bindings on Windows" classname="" time="0" file="test/config/tui.test.ts" line="479" assertions="0">
      <skipped />
    </testcase>
    <testcase name="KILO_TUI_CONFIG provides settings when no project config exists" classname="" time="0.002" file="test/config/tui.test.ts" line="496" assertions="2" />
    <testcase name="does not derive tui path from KILO_CONFIG" classname="" time="0.001" file="test/config/tui.test.ts" line="515" assertions="1" />
    <testcase name="applies env and file substitutions in tui.json" classname="" time="0.002" file="test/config/tui.test.ts" line="535" assertions="2" />
    <testcase name="applies file substitutions when first identical token is in a commented line" classname="" time="0.006" file="test/config/tui.test.ts" line="566" assertions="1" />
    <testcase name="loads managed tui config and gives it highest precedence" classname="" time="0.003" file="test/config/tui.test.ts" line="589" assertions="3" />
    <testcase name="loads .kilo/tui.json" classname="" time="0.002" file="test/config/tui.test.ts" line="622" assertions="1" />
    <testcase name="gracefully falls back when tui.json has invalid JSON" classname="" time="0.002" file="test/config/tui.test.ts" line="640" assertions="2" />
    <testcase name="supports tuple plugin specs with options in tui.json" classname="" time="0.002" file="test/config/tui.test.ts" line="659" assertions="2" />
    <testcase name="deduplicates tuple plugin specs by name with higher precedence winning" classname="" time="0.002" file="test/config/tui.test.ts" line="687" assertions="2" />
    <testcase name="tracks global and local plugin metadata in merged tui config" classname="" time="0.006" file="test/config/tui.test.ts" line="732" assertions="2" />
    <testcase name="merges plugin_enabled flags across config layers" classname="" time="0.001" file="test/config/tui.test.ts" line="771" assertions="1" />
  </testsuite>
  <testsuite name="test/file/ignore.test.ts" file="test/file/ignore.test.ts" tests="1" assertions="5" failures="0" skipped="0" time="0" hostname="ofcpc1">
    <testcase name="match nested and non-nested" classname="" time="0" file="test/file/ignore.test.ts" line="4" assertions="5" />
  </testsuite>
  <testsuite name="test/file/path-traversal.test.ts" file="test/file/path-traversal.test.ts" tests="15" assertions="30" failures="0" skipped="0" time="0" hostname="ofcpc1">
    <testsuite name="Filesystem.contains" file="test/file/path-traversal.test.ts" line="9" tests="4" assertions="11" failures="0" skipped="0" time="0" hostname="ofcpc1">
      <testcase name="allows paths within project" classname="Filesystem.contains" time="0" file="test/file/path-traversal.test.ts" line="10" assertions="3" />
      <testcase name="blocks ../ traversal" classname="Filesystem.contains" time="0" file="test/file/path-traversal.test.ts" line="16" assertions="3" />
      <testcase name="blocks absolute paths outside project" classname="Filesystem.contains" time="0" file="test/file/path-traversal.test.ts" line="22" assertions="3" />
      <testcase name="handles prefix collision edge cases" classname="Filesystem.contains" time="0" file="test/file/path-traversal.test.ts" line="28" assertions="2" />
    </testsuite>
    <testsuite name="File.read path traversal protection" file="test/file/path-traversal.test.ts" line="43" tests="3" assertions="3" failures="0" skipped="0" time="0.007" hostname="ofcpc1">
      <testcase name="rejects ../ traversal attempting to read /etc/passwd" classname="File.read path traversal protection" time="0.005" file="test/file/path-traversal.test.ts" line="44" assertions="1" />
      <testcase name="rejects deeply nested traversal" classname="File.read path traversal protection" time="0.001" file="test/file/path-traversal.test.ts" line="59" assertions="1" />
      <testcase name="allows valid paths within project" classname="File.read path traversal protection" time="0.001" file="test/file/path-traversal.test.ts" line="72" assertions="1" />
    </testsuite>
    <testsuite name="File.list path traversal protection" file="test/file/path-traversal.test.ts" line="89" tests="2" assertions="2" failures="0" skipped="0" time="0.003" hostname="ofcpc1">
      <testcase name="rejects ../ traversal attempting to list /etc" classname="File.list path traversal protection" time="0.001" file="test/file/path-traversal.test.ts" line="90" assertions="1" />
      <testcase name="allows valid subdirectory listing" classname="File.list path traversal protection" time="0.002" file="test/file/path-traversal.test.ts" line="101" assertions="1" />
    </testsuite>
    <testsuite name="Instance.containsPath" file="test/file/path-traversal.test.ts" line="118" tests="6" assertions="14" failures="0" skipped="0" time="0.213" hostname="ofcpc1">
      <testcase name="returns true for path inside directory" classname="Instance.containsPath" time="0.044001" file="test/file/path-traversal.test.ts" line="119" assertions="2" />
      <testcase name="returns true for path inside worktree but outside directory (monorepo subdirectory scenario)" classname="Instance.containsPath" time="0.044001" file="test/file/path-traversal.test.ts" line="131" assertions="3" />
      <testcase name="returns false for path outside both directory and worktree" classname="Instance.containsPath" time="0.041001" file="test/file/path-traversal.test.ts" line="149" assertions="2" />
      <testcase name="returns false for path with .. escaping worktree" classname="Instance.containsPath" time="0.045001" file="test/file/path-traversal.test.ts" line="161" assertions="1" />
      <testcase name="handles directory === worktree (running from repo root)" classname="Instance.containsPath" time="0.037001" file="test/file/path-traversal.test.ts" line="172" assertions="3" />
      <testcase name="non-git project does not allow arbitrary paths via worktree=&apos;/&apos;" classname="Instance.containsPath" time="0.002" file="test/file/path-traversal.test.ts" line="185" assertions="3" />
    </testsuite>
  </testsuite>
  <testsuite name="test/file/fsmonitor.test.ts" file="test/file/fsmonitor.test.ts" tests="2" assertions="0" failures="0" skipped="2" time="0" hostname="ofcpc1">
    <testsuite name="file fsmonitor" file="test/file/fsmonitor.test.ts" line="11" tests="2" assertions="0" failures="0" skipped="2" time="0" hostname="ofcpc1">
      <testcase name="status does not start fsmonitor for readonly git checks" classname="file fsmonitor" time="0" file="test/file/fsmonitor.test.ts" line="12" assertions="0">
        <skipped />
      </testcase>
      <testcase name="read does not start fsmonitor for git diffs" classname="file fsmonitor" time="0" file="test/file/fsmonitor.test.ts" line="38" assertions="0">
        <skipped />
      </testcase>
    </testsuite>
  </testsuite>
  <testsuite name="test/file/watcher.test.ts" file="test/file/watcher.test.ts" tests="5" assertions="0" failures="0" skipped="5" time="0" hostname="ofcpc1">
    <testsuite name="FileWatcher" file="test/file/watcher.test.ts" line="146" tests="5" assertions="0" failures="0" skipped="5" time="0" hostname="ofcpc1">
      <testcase name="publishes root create, update, and delete events" classname="FileWatcher" time="0" file="test/file/watcher.test.ts" line="151" assertions="0">
        <skipped />
      </testcase>
      <testcase name="watches non-git roots" classname="FileWatcher" time="0" file="test/file/watcher.test.ts" line="171" assertions="0">
        <skipped />
      </testcase>
      <testcase name="cleanup stops publishing events" classname="FileWatcher" time="0" file="test/file/watcher.test.ts" line="186" assertions="0">
        <skipped />
      </testcase>
      <testcase name="ignores .git/index changes" classname="FileWatcher" time="0" file="test/file/watcher.test.ts" line="207" assertions="0">
        <skipped />
      </testcase>
      <testcase name="publishes .git/HEAD events" classname="FileWatcher" time="0" file="test/file/watcher.test.ts" line="225" assertions="0">
        <skipped />
      </testcase>
    </testsuite>
  </testsuite>
  <testsuite name="test/file/ripgrep.test.ts" file="test/file/ripgrep.test.ts" tests="4" assertions="7" failures="0" skipped="0" time="0" hostname="ofcpc1">
    <testsuite name="file.ripgrep" file="test/file/ripgrep.test.ts" line="7" tests="4" assertions="7" failures="0" skipped="0" time="0.031" hostname="ofcpc1">
      <testcase name="defaults to include hidden" classname="file.ripgrep" time="0.008" file="test/file/ripgrep.test.ts" line="8" assertions="2" />
      <testcase name="hidden false excludes hidden" classname="file.ripgrep" time="0.007" file="test/file/ripgrep.test.ts" line="24" assertions="2" />
      <testcase name="tree skips .kilo directory files" classname="file.ripgrep" time="0.007" file="test/file/ripgrep.test.ts" line="41" assertions="2" />
      <testcase name="search returns empty when nothing matches" classname="file.ripgrep" time="0.009" file="test/file/ripgrep.test.ts" line="56" assertions="1" />
    </testsuite>
  </testsuite>
  <testsuite name="test/file/time.test.ts" file="test/file/time.test.ts" tests="19" assertions="26" failures="0" skipped="0" time="0" hostname="ofcpc1">
    <testsuite name="file/time" file="test/file/time.test.ts" line="27" tests="19" assertions="26" failures="0" skipped="0" time="0" hostname="ofcpc1">
      <testsuite name="read() and get()" file="test/file/time.test.ts" line="30" tests="4" assertions="7" failures="0" skipped="0" time="0.015" hostname="ofcpc1">
        <testcase name="stores read timestamp" classname="read() and get() &amp;gt; file/time" time="0.005" file="test/file/time.test.ts" line="31" assertions="3" />
        <testcase name="tracks separate timestamps per session" classname="read() and get() &amp;gt; file/time" time="0.001" file="test/file/time.test.ts" line="51" assertions="2" />
        <testcase name="updates timestamp on subsequent reads" classname="read() and get() &amp;gt; file/time" time="0.002" file="test/file/time.test.ts" line="71" assertions="1" />
        <testcase name="isolates reads by directory" classname="read() and get() &amp;gt; file/time" time="0.007" file="test/file/time.test.ts" line="90" assertions="1" />
      </testsuite>
      <testsuite name="assert()" file="test/file/time.test.ts" line="113" tests="4" assertions="5" failures="0" skipped="0" time="0.005" hostname="ofcpc1">
        <testcase name="passes when file has not been modified" classname="assert() &amp;gt; file/time" time="0.001" file="test/file/time.test.ts" line="114" assertions="0" />
        <testcase name="throws when file was not read first" classname="assert() &amp;gt; file/time" time="0.001" file="test/file/time.test.ts" line="129" assertions="1" />
        <testcase name="throws when file was modified after read" classname="assert() &amp;gt; file/time" time="0.002" file="test/file/time.test.ts" line="142" assertions="1" />
        <testcase name="includes timestamps in error message" classname="assert() &amp;gt; file/time" time="0.001" file="test/file/time.test.ts" line="159" assertions="3" />
      </testsuite>
      <testsuite name="withLock()" file="test/file/time.test.ts" line="186" tests="5" assertions="8" failures="0" skipped="0" time="0.009" hostname="ofcpc1">
        <testcase name="executes function within lock" classname="withLock() &amp;gt; file/time" time="0.001" file="test/file/time.test.ts" line="187" assertions="1" />
        <testcase name="returns function result" classname="withLock() &amp;gt; file/time" time="0.001" file="test/file/time.test.ts" line="204" assertions="1" />
        <testcase name="serializes concurrent operations on same file" classname="withLock() &amp;gt; file/time" time="0.002" file="test/file/time.test.ts" line="219" assertions="1" />
        <testcase name="allows concurrent operations on different files" classname="withLock() &amp;gt; file/time" time="0.004" file="test/file/time.test.ts" line="252" assertions="3" />
        <testcase name="releases lock even if function throws" classname="withLock() &amp;gt; file/time" time="0.001" file="test/file/time.test.ts" line="286" assertions="2" />
      </testsuite>
      <testsuite name="path normalization" file="test/file/time.test.ts" line="309" tests="4" assertions="2" failures="0" skipped="0" time="0.005" hostname="ofcpc1">
        <testcase name="read with forward slashes, assert with backslashes" classname="path normalization &amp;gt; file/time" time="0.001" file="test/file/time.test.ts" line="310" assertions="0" />
        <testcase name="read with backslashes, assert with forward slashes" classname="path normalization &amp;gt; file/time" time="0.001" file="test/file/time.test.ts" line="328" assertions="0" />
        <testcase name="get returns timestamp regardless of slash direction" classname="path normalization &amp;gt; file/time" time="0.001" file="test/file/time.test.ts" line="346" assertions="1" />
        <testcase name="withLock serializes regardless of slash direction" classname="path normalization &amp;gt; file/time" time="0.002" file="test/file/time.test.ts" line="363" assertions="1" />
      </testsuite>
      <testsuite name="stat() Filesystem.stat pattern" file="test/file/time.test.ts" line="400" tests="2" assertions="4" failures="0" skipped="0" time="0.003" hostname="ofcpc1">
        <testcase name="reads file modification time via Filesystem.stat()" classname="stat() Filesystem.stat pattern &amp;gt; file/time" time="0.001" file="test/file/time.test.ts" line="401" assertions="2" />
        <testcase name="detects modification via stat mtime" classname="stat() Filesystem.stat pattern &amp;gt; file/time" time="0.002" file="test/file/time.test.ts" line="421" assertions="2" />
      </testsuite>
    </testsuite>
  </testsuite>
  <testsuite name="test/file/index.test.ts" file="test/file/index.test.ts" tests="52" assertions="129" failures="0" skipped="0" time="0" hostname="ofcpc1">
    <testsuite name="file/index Filesystem patterns" file="test/file/index.test.ts" line="14" tests="52" assertions="129" failures="0" skipped="0" time="0" hostname="ofcpc1">
      <testsuite name="File.read() - text content" file="test/file/index.test.ts" line="15" tests="5" assertions="8" failures="0" skipped="0" time="0.006" hostname="ofcpc1">
        <testcase name="reads text file via Filesystem.readText()" classname="File.read() - text content &amp;gt; file/index Filesystem patterns" time="0.002" file="test/file/index.test.ts" line="16" assertions="2" />
        <testcase name="reads with Filesystem.exists() check" classname="File.read() - text content &amp;gt; file/index Filesystem patterns" time="0.001" file="test/file/index.test.ts" line="31" assertions="2" />
        <testcase name="trims whitespace from text content" classname="File.read() - text content &amp;gt; file/index Filesystem patterns" time="0.001" file="test/file/index.test.ts" line="45" assertions="1" />
        <testcase name="handles empty text file" classname="File.read() - text content &amp;gt; file/index Filesystem patterns" time="0.001" file="test/file/index.test.ts" line="59" assertions="2" />
        <testcase name="handles multi-line text files" classname="File.read() - text content &amp;gt; file/index Filesystem patterns" time="0.001" file="test/file/index.test.ts" line="74" assertions="1" />
      </testsuite>
      <testsuite name="File.read() - binary content" file="test/file/index.test.ts" line="89" tests="2" assertions="6" failures="0" skipped="0" time="0.002" hostname="ofcpc1">
        <testcase name="reads binary file via Filesystem.readArrayBuffer()" classname="File.read() - binary content &amp;gt; file/index Filesystem patterns" time="0.001" file="test/file/index.test.ts" line="90" assertions="4" />
        <testcase name="returns empty for binary non-image files" classname="File.read() - binary content &amp;gt; file/index Filesystem patterns" time="0.001" file="test/file/index.test.ts" line="108" assertions="2" />
      </testsuite>
      <testsuite name="File.read() - Filesystem.mimeType()" file="test/file/index.test.ts" line="124" tests="2" assertions="6" failures="0" skipped="0" time="0.003" hostname="ofcpc1">
        <testcase name="detects MIME type via Filesystem.mimeType()" classname="File.read() - Filesystem.mimeType() &amp;gt; file/index Filesystem patterns" time="0.001" file="test/file/index.test.ts" line="125" assertions="2" />
        <testcase name="handles various image MIME types" classname="File.read() - Filesystem.mimeType() &amp;gt; file/index Filesystem patterns" time="0.002" file="test/file/index.test.ts" line="141" assertions="4" />
      </testsuite>
      <testsuite name="File.list() - Filesystem.exists() and readText()" file="test/file/index.test.ts" line="164" tests="3" assertions="6" failures="0" skipped="0" time="0.135" hostname="ofcpc1">
        <testcase name="reads .gitignore via Filesystem.exists() and readText()" classname="File.list() - Filesystem.exists() and readText() &amp;gt; file/index Filesystem patterns" time="0.048001" file="test/file/index.test.ts" line="165" assertions="2" />
        <testcase name="reads .ignore file similarly" classname="File.list() - Filesystem.exists() and readText() &amp;gt; file/index Filesystem patterns" time="0.043001" file="test/file/index.test.ts" line="183" assertions="2" />
        <testcase name="handles missing .gitignore gracefully" classname="File.list() - Filesystem.exists() and readText() &amp;gt; file/index Filesystem patterns" time="0.044001" file="test/file/index.test.ts" line="198" assertions="2" />
      </testsuite>
      <testsuite name="File.changed() - Filesystem.readText() for untracked files" file="test/file/index.test.ts" line="215" tests="1" assertions="1" failures="0" skipped="0" time="0.04" hostname="ofcpc1">
        <testcase name="reads untracked files via Filesystem.readText()" classname="File.changed() - Filesystem.readText() for untracked files &amp;gt; file/index Filesystem patterns" time="0.040001" file="test/file/index.test.ts" line="216" assertions="1" />
      </testsuite>
      <testsuite name="Error handling" file="test/file/index.test.ts" line="234" tests="3" assertions="5" failures="0" skipped="0" time="0.004" hostname="ofcpc1">
        <testcase name="handles errors gracefully in Filesystem.readText()" classname="Error handling &amp;gt; file/index Filesystem patterns" time="0.002" file="test/file/index.test.ts" line="235" assertions="2" />
[...]
      <testcase name="mixed allow/deny preserves metadata.rules order" classname="saveAlwaysRules" time="0.049001" file="test/kilocode/permission/next.always-rules.test.ts" line="233" assertions="2" />
      <testcase name="deny broad + allow specific: specific allow wins" classname="saveAlwaysRules" time="0.048001" file="test/kilocode/permission/next.always-rules.test.ts" line="273" assertions="3" />
      <testcase name="rules not in metadata.rules are silently ignored" classname="saveAlwaysRules" time="0.047001" file="test/kilocode/permission/next.always-rules.test.ts" line="322" assertions="2" />
      <testcase name="auto-resolves pending permission from sibling session" classname="saveAlwaysRules" time="0.048001" file="test/kilocode/permission/next.always-rules.test.ts" line="361" assertions="2" />
      <testcase name="auto-resolves multiple pending permissions from different sessions" classname="saveAlwaysRules" time="0.049001" file="test/kilocode/permission/next.always-rules.test.ts" line="402" assertions="3" />
      <testcase name="does not auto-resolve pending permission with non-matching pattern" classname="saveAlwaysRules" time="0.048001" file="test/kilocode/permission/next.always-rules.test.ts" line="451" assertions="2" />
      <testcase name="does not auto-resolve the request being replied to" classname="saveAlwaysRules" time="0.048001" file="test/kilocode/permission/next.always-rules.test.ts" line="492" assertions="2" />
      <testcase name="auto-rejects pending permission from sibling session when denied" classname="saveAlwaysRules" time="0.051002" file="test/kilocode/permission/next.always-rules.test.ts" line="523" assertions="2" />
      <testcase name="multi-pattern: auto-resolves when new rule covers blocking pattern and ruleset covers the rest" classname="saveAlwaysRules" time="0.056002" file="test/kilocode/permission/next.always-rules.test.ts" line="562" assertions="2" />
      <testcase name="multi-pattern: stays pending when new rule covers one pattern but ruleset doesn&apos;t cover the other" classname="saveAlwaysRules" time="0.048001" file="test/kilocode/permission/next.always-rules.test.ts" line="607" assertions="3" />
    </testsuite>
  </testsuite>
  <testsuite name="test/kilocode/sessions/inflight-cache.test.ts" file="test/kilocode/sessions/inflight-cache.test.ts" tests="6" assertions="20" failures="0" skipped="0" time="0" hostname="ofcpc1">
    <testsuite name="withInFlightCache" file="test/kilocode/sessions/inflight-cache.test.ts" line="18" tests="6" assertions="20" failures="0" skipped="0" time="0" hostname="ofcpc1">
      <testcase name="dedupes concurrent calls (inflight)" classname="withInFlightCache" time="0" file="test/kilocode/sessions/inflight-cache.test.ts" line="26" assertions="4" />
      <testcase name="returns cached value within ttl without calling cb again" classname="withInFlightCache" time="0" file="test/kilocode/sessions/inflight-cache.test.ts" line="54" assertions="4" />
      <testcase name="does not cache undefined (treats as no value)" classname="withInFlightCache" time="0" file="test/kilocode/sessions/inflight-cache.test.ts" line="75" assertions="4" />
      <testcase name="expires cached entries after ttl and recomputes" classname="withInFlightCache" time="0" file="test/kilocode/sessions/inflight-cache.test.ts" line="96" assertions="2" />
      <testcase name="does not return stale cached value while refresh is in-flight" classname="withInFlightCache" time="0" file="test/kilocode/sessions/inflight-cache.test.ts" line="114" assertions="4" />
      <testcase name="clearInFlightCache forces recompute" classname="withInFlightCache" time="0" file="test/kilocode/sessions/inflight-cache.test.ts" line="140" assertions="2" />
    </testsuite>
  </testsuite>
  <testsuite name="test/kilocode/sessions/ingest-queue.test.ts" file="test/kilocode/sessions/ingest-queue.test.ts" tests="9" assertions="50" failures="0" skipped="0" time="0" hostname="ofcpc1">
    <testsuite name="share ingest queue" file="test/kilocode/sessions/ingest-queue.test.ts" line="48" tests="9" assertions="50" failures="0" skipped="0" time="0.003" hostname="ofcpc1">
      <testcase name="throttles flush scheduling: later sync does not reschedule" classname="share ingest queue" time="0.001" file="test/kilocode/sessions/ingest-queue.test.ts" line="57" assertions="4" />
      <testcase name="coalesces same-key updates and sends latest" classname="share ingest queue" time="0" file="test/kilocode/sessions/ingest-queue.test.ts" line="90" assertions="3" />
      <testcase name="kilo_meta uses stable key and coalesces" classname="share ingest queue" time="0" file="test/kilocode/sessions/ingest-queue.test.ts" line="121" assertions="7" />
      <testcase name="network failure retries and fill preserves newer updates" classname="share ingest queue" time="0" file="test/kilocode/sessions/ingest-queue.test.ts" line="163" assertions="2" />
      <testcase name="404 does not requeue" classname="share ingest queue" time="0.001" file="test/kilocode/sessions/ingest-queue.test.ts" line="201" assertions="1" />
      <testcase name="401 triggers auth error handler and does not requeue" classname="share ingest queue" time="0" file="test/kilocode/sessions/ingest-queue.test.ts" line="222" assertions="2" />
      <testcase name="retry budget exceeded stops requeueing" classname="share ingest queue" time="0" file="test/kilocode/sessions/ingest-queue.test.ts" line="249" assertions="23" />
      <testcase name="session_open and session_close use stable keys and coalesce" classname="share ingest queue" time="0" file="test/kilocode/sessions/ingest-queue.test.ts" line="291" assertions="6" />
      <testcase name="flush sends request with ?v=1 query parameter" classname="share ingest queue" time="0.001" file="test/kilocode/sessions/ingest-queue.test.ts" line="338" assertions="2" />
    </testsuite>
  </testsuite>
  <testsuite name="test/kilocode/sessions/remote-protocol.test.ts" file="test/kilocode/sessions/remote-protocol.test.ts" tests="25" assertions="50" failures="0" skipped="0" time="0" hostname="ofcpc1">
    <testsuite name="RemoteProtocol" file="test/kilocode/sessions/remote-protocol.test.ts" line="4" tests="25" assertions="50" failures="0" skipped="0" time="0.003" hostname="ofcpc1">
      <testcase name="valid heartbeat parses" classname="RemoteProtocol" time="0.001" file="test/kilocode/sessions/remote-protocol.test.ts" line="7" assertions="3" />
      <testcase name="heartbeat with parentSessionId parses" classname="RemoteProtocol" time="0" file="test/kilocode/sessions/remote-protocol.test.ts" line="20" assertions="2" />
      <testcase name="valid event parses" classname="RemoteProtocol" time="0" file="test/kilocode/sessions/remote-protocol.test.ts" line="32" assertions="3" />
      <testcase name="valid response parses" classname="RemoteProtocol" time="0" file="test/kilocode/sessions/remote-protocol.test.ts" line="47" assertions="4" />
      <testcase name="response with error parses" classname="RemoteProtocol" time="0" file="test/kilocode/sessions/remote-protocol.test.ts" line="58" assertions="3" />
      <testcase name="valid subscribe parses" classname="RemoteProtocol" time="0.001" file="test/kilocode/sessions/remote-protocol.test.ts" line="70" assertions="2" />
      <testcase name="valid unsubscribe parses" classname="RemoteProtocol" time="0" file="test/kilocode/sessions/remote-protocol.test.ts" line="79" assertions="2" />
      <testcase name="valid command parses" classname="RemoteProtocol" time="0" file="test/kilocode/sessions/remote-protocol.test.ts" line="88" assertions="4" />
      <testcase name="command without sessionId parses" classname="RemoteProtocol" time="0" file="test/kilocode/sessions/remote-protocol.test.ts" line="105" assertions="2" />
      <testcase name="valid system parses" classname="RemoteProtocol" time="0" file="test/kilocode/sessions/remote-protocol.test.ts" line="119" assertions="2" />
      <testcase name="outbound union picks heartbeat" classname="RemoteProtocol" time="0" file="test/kilocode/sessions/remote-protocol.test.ts" line="134" assertions="2" />
      <testcase name="outbound union picks event" classname="RemoteProtocol" time="0" file="test/kilocode/sessions/remote-protocol.test.ts" line="143" assertions="2" />
      <testcase name="outbound union picks response" classname="RemoteProtocol" time="0" file="test/kilocode/sessions/remote-protocol.test.ts" line="157" assertions="2" />
      <testcase name="inbound union picks subscribe" classname="RemoteProtocol" time="0" file="test/kilocode/sessions/remote-protocol.test.ts" line="166" assertions="2" />
      <testcase name="inbound union picks command" classname="RemoteProtocol" time="0" file="test/kilocode/sessions/remote-protocol.test.ts" line="175" assertions="2" />
      <testcase name="inbound union picks system" classname="RemoteProtocol" time="0" file="test/kilocode/sessions/remote-protocol.test.ts" line="189" assertions="2" />
      <testcase name="outbound rejects unknown type" classname="RemoteProtocol" time="0.001" file="test/kilocode/sessions/remote-protocol.test.ts" line="200" assertions="1" />
      <testcase name="inbound rejects unknown type" classname="RemoteProtocol" time="0" file="test/kilocode/sessions/remote-protocol.test.ts" line="206" assertions="1" />
      <testcase name="heartbeat rejects missing sessions" classname="RemoteProtocol" time="0" file="test/kilocode/sessions/remote-protocol.test.ts" line="212" assertions="1" />
      <testcase name="event rejects missing sessionId" classname="RemoteProtocol" time="0" file="test/kilocode/sessions/remote-protocol.test.ts" line="218" assertions="1" />
      <testcase name="command rejects missing id" classname="RemoteProtocol" time="0" file="test/kilocode/sessions/remote-protocol.test.ts" line="224" assertions="1" />
      <testcase name="subscribe rejects missing sessionId" classname="RemoteProtocol" time="0" file="test/kilocode/sessions/remote-protocol.test.ts" line="230" assertions="1" />
      <testcase name="session info rejects missing fields" classname="RemoteProtocol" time="0" file="test/kilocode/sessions/remote-protocol.test.ts" line="236" assertions="1" />
      <testcase name="valid heartbeat_ack parses" classname="RemoteProtocol" time="0" file="test/kilocode/sessions/remote-protocol.test.ts" line="241" assertions="2" />
      <testcase name="inbound union picks heartbeat_ack" classname="RemoteProtocol" time="0" file="test/kilocode/sessions/remote-protocol.test.ts" line="250" assertions="2" />
    </testsuite>
  </testsuite>
  <testsuite name="test/kilocode/sessions/remote-sender.test.ts" file="test/kilocode/sessions/remote-sender.test.ts" tests="31" assertions="77" failures="0" skipped="0" time="0" hostname="ofcpc1">
    <testsuite name="RemoteSender" file="test/kilocode/sessions/remote-sender.test.ts" line="54" tests="31" assertions="77" failures="0" skipped="0" time="0.135" hostname="ofcpc1">
      <testcase name="subscribe adds bus subscription, event forwarded" classname="RemoteSender" time="0.002" file="test/kilocode/sessions/remote-sender.test.ts" line="55" assertions="2" />
      <testcase name="unsubscribe removes subscription, events stop" classname="RemoteSender" time="0.001" file="test/kilocode/sessions/remote-sender.test.ts" line="81" assertions="2" />
      <testcase name="only forwards for subscribed sessions" classname="RemoteSender" time="0" file="test/kilocode/sessions/remote-sender.test.ts" line="103" assertions="1" />
      <testcase name="duplicate subscribe is idempotent" classname="RemoteSender" time="0.001" file="test/kilocode/sessions/remote-sender.test.ts" line="123" assertions="1" />
      <testcase name="single bus subscription for multiple sessions" classname="RemoteSender" time="0" file="test/kilocode/sessions/remote-sender.test.ts" line="139" assertions="4" />
      <testcase name="unsubscribe one session keeps bus alive for others" classname="RemoteSender" time="0.001" file="test/kilocode/sessions/remote-sender.test.ts" line="168" assertions="3" />
      <testcase name="send_message sends ACK immediately before provide resolves" classname="RemoteSender" time="0.001" file="test/kilocode/sessions/remote-sender.test.ts" line="193" assertions="2" />
      <testcase name="send_message with invalid data sends error response immediately" classname="RemoteSender" time="0.001" file="test/kilocode/sessions/remote-sender.test.ts" line="227" assertions="4" />
      <testcase name="unknown command sends error response with matching id" classname="RemoteSender" time="0" file="test/kilocode/sessions/remote-sender.test.ts" line="250" assertions="2" />
      <testcase name="send_message with agent is accepted" classname="RemoteSender" time="0" file="test/kilocode/sessions/remote-sender.test.ts" line="275" assertions="2" />
      <testcase name="send_message normalizes string model without prefix" classname="RemoteSender" time="0.003" file="test/kilocode/sessions/remote-sender.test.ts" line="312" assertions="2" />
      <testcase name="send_message keeps kilocode-prefixed model unchanged before internal conversion" classname="RemoteSender" time="0.002" file="test/kilocode/sessions/remote-sender.test.ts" line="344" assertions="1" />
      <testcase name="send_message rejects structured model on remote path" classname="RemoteSender" time="0" file="test/kilocode/sessions/remote-sender.test.ts" line="375" assertions="4" />
      <testcase name="send_message does not special-case kilo-prefixed model" classname="RemoteSender" time="0.006" file="test/kilocode/sessions/remote-sender.test.ts" line="402" assertions="2" />
      <testcase name="question_reply sends response after work completes" classname="RemoteSender" time="0.017001" file="test/kilocode/sessions/remote-sender.test.ts" line="435" assertions="4" />
      <testcase name="question_reply error sends error response" classname="RemoteSender" time="0.015" file="test/kilocode/sessions/remote-sender.test.ts" line="466" assertions="4" />
      <testcase name="question_reject sends response after work completes" classname="RemoteSender" time="0.015" file="test/kilocode/sessions/remote-sender.test.ts" line="493" assertions="3" />
      <testcase name="question_reject with invalid data sends error response" classname="RemoteSender" time="0" file="test/kilocode/sessions/remote-sender.test.ts" line="521" assertions="4" />
      <testcase name="events without sessionID are not forwarded" classname="RemoteSender" time="0.001" file="test/kilocode/sessions/remote-sender.test.ts" line="544" assertions="1" />
      <testcase name="dispose clears all subscriptions" classname="RemoteSender" time="0.002" file="test/kilocode/sessions/remote-sender.test.ts" line="562" assertions="2" />
      <testcase name="child session events forwarded when parent subscribed" classname="RemoteSender" time="0.001" file="test/kilocode/sessions/remote-sender.test.ts" line="586" assertions="7" />
      <testcase name="child session events not forwarded when parent not subscribed" classname="RemoteSender" time="0" file="test/kilocode/sessions/remote-sender.test.ts" line="620" assertions="1" />
      <testcase name="unsubscribe parent cleans up child tracking" classname="RemoteSender" time="0.002" file="test/kilocode/sessions/remote-sender.test.ts" line="645" assertions="1" />
      <testcase name="unsubscribe parent cleans up grandchild tracking" classname="RemoteSender" time="0.001" file="test/kilocode/sessions/remote-sender.test.ts" line="675" assertions="1" />
      <testcase name="root session events do not include parentSessionId" classname="RemoteSender" time="0" file="test/kilocode/sessions/remote-sender.test.ts" line="717" assertions="3" />
      <testcase name="nested child events include root parentSessionId" classname="RemoteSender" time="0.001" file="test/kilocode/sessions/remote-sender.test.ts" line="739" assertions="5" />
      <testcase name="subscribe triggers backfill of existing children" classname="RemoteSender" time="0.015" file="test/kilocode/sessions/remote-sender.test.ts" line="780" assertions="3" />
      <testcase name="subscribe replays pending question for the subscribed session" classname="RemoteSender" time="0.015" file="test/kilocode/sessions/remote-sender.test.ts" line="812" assertions="2" />
      <testcase name="subscribe replays pending permission for the subscribed session" classname="RemoteSender" time="0.016" file="test/kilocode/sessions/remote-sender.test.ts" line="843" assertions="2" />
      <testcase name="subscribe does not replay state for sessions with no pending questions or permissions" classname="RemoteSender" time="0.015" file="test/kilocode/sessions/remote-sender.test.ts" line="895" assertions="1" />
      <testcase name="system message is handled without error" classname="RemoteSender" time="0.001" file="test/kilocode/sessions/remote-sender.test.ts" line="926" assertions="1" />
    </testsuite>
  </testsuite>
  <testsuite name="test/kilocode/sessions/remote-ws.test.ts" file="test/kilocode/sessions/remote-ws.test.ts" tests="10" assertions="24" failures="0" skipped="0" time="0" hostname="ofcpc1">
    <testsuite name="RemoteWS" file="test/kilocode/sessions/remote-ws.test.ts" line="79" tests="10" assertions="24" failures="0" skipped="0" time="8.02" hostname="ofcpc1">
      <testcase name="connects and sends heartbeat" classname="RemoteWS" time="0.110003" file="test/kilocode/sessions/remote-ws.test.ts" line="89" assertions="3" />
      <testcase name="buffers when disconnected, flushes on reconnect" classname="RemoteWS" time="1.058031" file="test/kilocode/sessions/remote-ws.test.ts" line="112" assertions="3" />
      <testcase name="reconnects with backoff after server close" classname="RemoteWS" time="1.051031" file="test/kilocode/sessions/remote-ws.test.ts" line="146" assertions="3" />
      <testcase name="stops reconnecting on 4401" classname="RemoteWS" time="2.03306" file="test/kilocode/sessions/remote-ws.test.ts" line="172" assertions="2" />
      <testcase name="onClose callback fires on permanent close" classname="RemoteWS" time="0.134004" file="test/kilocode/sessions/remote-ws.test.ts" line="194" assertions="2" />
      <testcase name="incoming message delivered to onMessage" classname="RemoteWS" time="0.082002" file="test/kilocode/sessions/remote-ws.test.ts" line="217" assertions="4" />
      <testcase name="close() prevents further reconnection and stops heartbeat" classname="RemoteWS" time="0.530016" file="test/kilocode/sessions/remote-ws.test.ts" line="260" assertions="2" />
      <testcase name="force-reconnects on activity timeout" classname="RemoteWS" time="1.430042" file="test/kilocode/sessions/remote-ws.test.ts" line="288" assertions="2" />
      <testcase name="resets activity timer on incoming messages" classname="RemoteWS" time="0.460014" file="test/kilocode/sessions/remote-ws.test.ts" line="315" assertions="2" />
      <testcase name="activity timeout uses custom timeout option" classname="RemoteWS" time="1.132034" file="test/kilocode/sessions/remote-ws.test.ts" line="343" assertions="1" />
    </testsuite>
  </testsuite>
  <testsuite name="test/cli/cmd/tui/prompt-part.test.ts" file="test/cli/cmd/tui/prompt-part.test.ts" tests="2" assertions="4" failures="0" skipped="0" time="0" hostname="ofcpc1">
    <testsuite name="prompt part" file="test/cli/cmd/tui/prompt-part.test.ts" line="5" tests="2" assertions="4" failures="0" skipped="0" time="0.005" hostname="ofcpc1">
      <testcase name="strip removes persisted ids from reused file parts" classname="prompt part" time="0.005" file="test/cli/cmd/tui/prompt-part.test.ts" line="6" assertions="1" />
      <testcase name="assign overwrites stale runtime ids" classname="prompt part" time="0" file="test/cli/cmd/tui/prompt-part.test.ts" line="25" assertions="3" />
    </testsuite>
  </testsuite>
</testsuites>
